<?xml version="1.0" encoding="UTF-8"?>
<!-- Generated by org.testng.reporters.JUnitReportReporter -->
<testsuite hostname="LAPTOP-UHQLSRUN" failures="0" tests="3" name="cricket.SubmitOderTest" time="18.508" errors="0" timestamp="2025-04-18T12:38:28 IST" skipped="0">
  <testcase classname="cricket.SubmitOderTest" name="submitorder" time="7.140"/>
  <testcase classname="cricket.SubmitOderTest" name="submitorder" time="7.629"/>
  <testcase classname="cricket.SubmitOderTest" name="OrderHistory" time="3.739"/>
</testsuite> <!-- cricket.SubmitOderTest -->
