<?xml version="1.0" encoding="UTF-8"?>
<!-- Generated by org.testng.reporters.JUnitReportReporter -->
<testsuite hostname="LAPTOP-UHQLSRUN" failures="0" tests="4" name="cricket.ErrorValidation" time="29.455" errors="0" timestamp="2025-04-18T12:38:28 IST" skipped="0">
  <testcase classname="cricket.ErrorValidation" name="LoginErrorValidation" time="3.612"/>
  <testcase classname="cricket.ErrorValidation" name="ProductErrorValidationTest" time="11.174"/>
  <testcase classname="cricket.ErrorValidation" name="ProductErrorValidationTest" time="11.037"/>
  <testcase classname="cricket.ErrorValidation" name="LoginErrorValidation" time="3.632"/>
</testsuite> <!-- cricket.ErrorValidation -->
